<?xml version="1.0" encoding="UTF-8"?>
<!-- Generated by org.testng.reporters.JUnitXMLReporter -->
<testsuite ignored="0" hostname="DESKTOP-SEKDPB4" failures="0" tests="6" name="FirefoxTest" time="0.134" errors="0" timestamp="2023-03-27T08:15:54 IST">
  <testcase classname="testNgpack.VerifyForgotPasswordPage" name="@BeforeTest openBrowser" time="0.025">
    <failure type="java.lang.NullPointerException" message="Cannot invoke &amp;quot;org.openqa.selenium.WebDriver.manage()&amp;quot; because &amp;quot;this.driver&amp;quot; is null">
      <![CDATA[java.lang.NullPointerException: Cannot invoke "org.openqa.selenium.WebDriver.manage()" because "this.driver" is null
at testNgpack.VerifyForgotPasswordPage.openBrowser(VerifyForgotPasswordPage.java:48)
at java.base/java.util.concurrent.FutureTask.run(FutureTask.java:264)
at java.base/java.util.concurrent.ThreadPoolExecutor.runWorker(ThreadPoolExecutor.java:1136)
at java.base/java.util.concurrent.ThreadPoolExecutor$Worker.run(ThreadPoolExecutor.java:635)
at java.base/java.lang.Thread.run(Thread.java:833)
... Removed 13 stack frames]]>
    </failure>
  </testcase> <!-- @BeforeTest openBrowser -->
  <testcase classname="testNgpack.VerifySignUPPage" name="@BeforeTest openBrowser" time="-1.679885154746E9">
    <skipped/>
  </testcase> <!-- @BeforeTest openBrowser -->
  <testcase classname="testNgpack.VerifySignUPPage" name="@BeforeClass creatPOMObject" time="-1.679885154769E9">
    <skipped/>
  </testcase> <!-- @BeforeClass creatPOMObject -->
  <testcase classname="testNgpack.VerifyForgotPasswordPage" name="@BeforeClass creatPOMObject" time="-1.679885154769E9">
    <skipped/>
  </testcase> <!-- @BeforeClass creatPOMObject -->
  <testcase classname="testNgpack.VerifyForgotPasswordPage" name="@BeforeMethod goToForgotPasswordPage" time="-1.679885154786E9">
    <skipped/>
  </testcase> <!-- @BeforeMethod goToForgotPasswordPage -->
  <testcase classname="testNgpack.VerifySignUPPage" name="@BeforeMethod goToForgotPasswordPage" time="-1.679885154786E9">
    <skipped/>
  </testcase> <!-- @BeforeMethod goToForgotPasswordPage -->
  <testcase classname="testNgpack.VerifyForgotPasswordPage" name="@AfterMethod logOutFromApplication" time="-1.679885154798E9">
    <skipped/>
  </testcase> <!-- @AfterMethod logOutFromApplication -->
  <testcase classname="testNgpack.VerifySignUPPage" name="@AfterMethod logOutFromApplication" time="-1.679885154799E9">
    <skipped/>
  </testcase> <!-- @AfterMethod logOutFromApplication -->
  <testcase classname="testNgpack.VerifyForgotPasswordPage" name="@BeforeMethod goToForgotPasswordPage" time="-1.679885154802E9">
    <skipped/>
  </testcase> <!-- @BeforeMethod goToForgotPasswordPage -->
  <testcase classname="testNgpack.VerifySignUPPage" name="@BeforeMethod goToForgotPasswordPage" time="-1.679885154802E9">
    <skipped/>
  </testcase> <!-- @BeforeMethod goToForgotPasswordPage -->
  <testcase classname="testNgpack.VerifyForgotPasswordPage" name="@AfterMethod logOutFromApplication" time="-1.67988515481E9">
    <skipped/>
  </testcase> <!-- @AfterMethod logOutFromApplication -->
  <testcase classname="testNgpack.VerifySignUPPage" name="@AfterMethod logOutFromApplication" time="-1.679885154811E9">
    <skipped/>
  </testcase> <!-- @AfterMethod logOutFromApplication -->
  <testcase classname="testNgpack.VerifyForgotPasswordPage" name="@BeforeMethod goToForgotPasswordPage" time="-1.679885154815E9">
    <skipped/>
  </testcase> <!-- @BeforeMethod goToForgotPasswordPage -->
  <testcase classname="testNgpack.VerifySignUPPage" name="@BeforeMethod goToForgotPasswordPage" time="-1.679885154816E9">
    <skipped/>
  </testcase> <!-- @BeforeMethod goToForgotPasswordPage -->
  <testcase classname="testNgpack.VerifyForgotPasswordPage" name="@AfterMethod logOutFromApplication" time="-1.679885154821E9">
    <skipped/>
  </testcase> <!-- @AfterMethod logOutFromApplication -->
  <testcase classname="testNgpack.VerifySignUPPage" name="@AfterMethod logOutFromApplication" time="-1.679885154822E9">
    <skipped/>
  </testcase> <!-- @AfterMethod logOutFromApplication -->
  <testcase classname="testNgpack.VerifyForgotPasswordPage" name="@AfterClass clearObjects" time="-1.679885154826E9">
    <skipped/>
  </testcase> <!-- @AfterClass clearObjects -->
  <testcase classname="testNgpack.VerifySignUPPage" name="@AfterClass clearObjects" time="-1.679885154826E9">
    <skipped/>
  </testcase> <!-- @AfterClass clearObjects -->
  <testcase classname="testNgpack.VerifyForgotPasswordPage" name="@AfterTest closedBrowser" time="-1.679885154829E9">
    <skipped/>
  </testcase> <!-- @AfterTest closedBrowser -->
  <testcase classname="testNgpack.VerifySignUPPage" name="@AfterTest closedBrowser" time="-1.679885154831E9">
    <skipped/>
  </testcase> <!-- @AfterTest closedBrowser -->
  <testcase classname="testNgpack.VerifyForgotPasswordPage" name="verifyCancelButtonOnForgotPasswordPage" time="0.0">
    <skipped/>
  </testcase> <!-- verifyCancelButtonOnForgotPasswordPage -->
  <testcase classname="testNgpack.VerifySignUPPage" name="verifyErrorMessageONSignUoPage" time="0.0">
    <skipped/>
  </testcase> <!-- verifyErrorMessageONSignUoPage -->
  <testcase classname="testNgpack.VerifyForgotPasswordPage" name="verifyMessageOnForgotPasswordPage" time="0.0">
    <skipped/>
  </testcase> <!-- verifyMessageOnForgotPasswordPage -->
  <testcase classname="testNgpack.VerifySignUPPage" name="verifySignUpFunctonality" time="0.0">
    <skipped/>
  </testcase> <!-- verifySignUpFunctonality -->
  <testcase classname="testNgpack.VerifyForgotPasswordPage" name="verifySearchFunctionOnForgotPasswordPage" time="0.0">
    <skipped/>
  </testcase> <!-- verifySearchFunctionOnForgotPasswordPage -->
  <testcase classname="testNgpack.VerifySignUPPage" name="verifySignupHiddenElement" time="0.0">
    <skipped/>
  </testcase> <!-- verifySignupHiddenElement -->
</testsuite> <!-- FirefoxTest -->
