<?xml version="1.0" encoding="UTF-8"?>
<!-- Generated by org.testng.reporters.JUnitXMLReporter -->
<testsuite ignored="0" hostname="DESKTOP-SEKDPB4" failures="2" tests="7" name="Test1" time="0.095" errors="0" timestamp="2023-03-22T09:00:43 IST">
  <testcase classname="testNgpack.TestClass_2" name="testB" time="0.011">
    <failure type="java.lang.AssertionError" message="Facebook Title is wrong expected [Facebook Login Page123] but found [Facebook Login Page]">
      <![CDATA[java.lang.AssertionError: Facebook Title is wrong expected [Facebook Login Page123] but found [Facebook Login Page]
at testNgpack.TestClass_2.testB(TestClass_2.java:63)
at java.base/java.util.ArrayList.forEach(ArrayList.java:1511)
... Removed 30 stack frames]]>
    </failure>
  </testcase> <!-- testB -->
  <testcase classname="testNgpack.TestClass_2" name="testA" time="0.0">
    <skipped/>
  </testcase> <!-- testA -->
  <testcase classname="testNgpack.TestClass_2" name="testC" time="0.002"/>
  <testcase classname="testNgpack.TestClass_2" name="testD" time="0.001"/>
  <testcase classname="testNgpack.TestClassNG" name="test2" time="0.001">
    <failure type="java.lang.AssertionError" message="Facebook Title is wrong expected [Facebook Login Page123] but found [Facebook Login Page]">
      <![CDATA[java.lang.AssertionError: Facebook Title is wrong expected [Facebook Login Page123] but found [Facebook Login Page]
at testNgpack.TestClassNG.test2(TestClassNG.java:63)
at java.base/java.util.ArrayList.forEach(ArrayList.java:1511)
... Removed 30 stack frames]]>
    </failure>
  </testcase> <!-- test2 -->
  <testcase classname="testNgpack.TestClassNG" name="test1" time="0.0">
    <skipped/>
  </testcase> <!-- test1 -->
  <testcase classname="testNgpack.TestClassNG" name="test3" time="0.001"/>
</testsuite> <!-- Test1 -->
